{"C:\\Users\\User\\Desktop\\homeworks\\test-ci-two\\src\\__test__\\index.js": {"path":"C:\\Users\\User\\Desktop\\homeworks\\test-ci-two\\src\\__test__\\index.js","statementMap":{"0":{"start":{"line":2,"column":24},"end":{"line":2,"column":92}},"1":{"start":{"line":2,"column":79},"end":{"line":2,"column":90}},"2":{"start":{"line":3,"column":0},"end":{"line":3,"column":19}}},"fnMap":{"0":{"name":"sortValue","decl":{"start":{"line":1,"column":16},"end":{"line":1,"column":25}},"loc":{"start":{"line":1,"column":34},"end":{"line":4,"column":1}},"line":1},"1":{"name":"(anonymous_1)","decl":{"start":{"line":2,"column":70},"end":{"line":2,"column":71}},"loc":{"start":{"line":2,"column":79},"end":{"line":2,"column":90}},"line":2}},"branchMap":{},"s":{"0":1,"1":4,"2":1},"f":{"0":1,"1":4},"b":{},"_coverageSchema":"1a1c01bbd47fc00a2c39e90264f33305004495a9","hash":"5d6ca56f7f99698585a833f27c706e646a5e5e7a"}
}
